c:\users\def\desktop\enginemm-y-sumo-chocadores\sumochocadores\juego\debug\juego.pch
c:\users\def\desktop\enginemm-y-sumo-chocadores\sumochocadores\juego\debug\vc140.pdb
c:\users\def\desktop\enginemm-y-sumo-chocadores\sumochocadores\juego\debug\vc140.idb
c:\users\def\desktop\enginemm-y-sumo-chocadores\sumochocadores\juego\debug\stdafx.obj
c:\users\def\desktop\enginemm-y-sumo-chocadores\sumochocadores\juego\debug\juego.obj
c:\users\def\desktop\enginemm-y-sumo-chocadores\sumochocadores\juego\debug\jugador.obj
c:\users\def\desktop\enginemm-y-sumo-chocadores\sumochocadores\juego\debug\perseguidor.obj
c:\users\def\desktop\enginemm-y-sumo-chocadores\sumochocadores\juego\debug\ring.obj
c:\users\def\desktop\enginemm-y-sumo-chocadores\sumochocadores\juego\debug\sumoschocadoresplay.obj
c:\users\def\desktop\enginemm-y-sumo-chocadores\sumochocadores\debug\effectdamage.cso
c:\users\def\desktop\enginemm-y-sumo-chocadores\sumochocadores\debug\juego.lib
c:\users\def\desktop\enginemm-y-sumo-chocadores\sumochocadores\debug\juego.exp
c:\users\def\desktop\enginemm-y-sumo-chocadores\sumochocadores\juego\debug\juego.res
c:\users\def\desktop\enginemm-y-sumo-chocadores\sumochocadores\juego\debug\juego.vcxprojresolveassemblyreference.cache
c:\users\def\desktop\enginemm-y-sumo-chocadores\sumochocadores\juego\debug\vc141.idb
c:\users\def\desktop\enginemm-y-sumo-chocadores\sumochocadores\juego\debug\vc141.pdb
c:\users\def\desktop\enginemm-y-sumo-chocadores\sumochocadores\debug\juego.pdb
c:\users\def\desktop\enginemm-y-sumo-chocadores\sumochocadores\juego\debug\juego.tlog\cl.command.1.tlog
c:\users\def\desktop\enginemm-y-sumo-chocadores\sumochocadores\juego\debug\juego.tlog\cl.read.1.tlog
c:\users\def\desktop\enginemm-y-sumo-chocadores\sumochocadores\juego\debug\juego.tlog\cl.write.1.tlog
c:\users\def\desktop\enginemm-y-sumo-chocadores\sumochocadores\juego\debug\juego.tlog\fxc.command.1.tlog
c:\users\def\desktop\enginemm-y-sumo-chocadores\sumochocadores\juego\debug\juego.tlog\fxc.read.1.tlog
c:\users\def\desktop\enginemm-y-sumo-chocadores\sumochocadores\juego\debug\juego.tlog\fxc.write.1.tlog
c:\users\def\desktop\enginemm-y-sumo-chocadores\sumochocadores\juego\debug\juego.tlog\juego.write.1u.tlog
c:\users\def\desktop\enginemm-y-sumo-chocadores\sumochocadores\juego\debug\juego.tlog\link.command.1.tlog
c:\users\def\desktop\enginemm-y-sumo-chocadores\sumochocadores\juego\debug\juego.tlog\link.delete.1.tlog
c:\users\def\desktop\enginemm-y-sumo-chocadores\sumochocadores\juego\debug\juego.tlog\link.read.1.tlog
c:\users\def\desktop\enginemm-y-sumo-chocadores\sumochocadores\juego\debug\juego.tlog\link.write.1.tlog
c:\users\def\desktop\enginemm-y-sumo-chocadores\sumochocadores\juego\debug\juego.tlog\rc.command.1.tlog
c:\users\def\desktop\enginemm-y-sumo-chocadores\sumochocadores\juego\debug\juego.tlog\rc.read.1.tlog
c:\users\def\desktop\enginemm-y-sumo-chocadores\sumochocadores\juego\debug\juego.tlog\rc.write.1.tlog
