  Game.cpp
  c:\users\def\desktop\enginemm-y-sumo-chocadores\sumochocadores\dx\include\dinput.h: DIRECTINPUT_VERSION undefined. Defaulting to version 0x0800
c:\users\def\desktop\enginemm-y-sumo-chocadores\sumochocadores\enginemm\actor.h(11): warning C4251: 'Actor::matFinal': struct 'D3DXMATRIX' necesita tener una interfaz DLL para que la utilicen los clientes de class 'Actor'
  c:\users\def\desktop\enginemm-y-sumo-chocadores\sumochocadores\dx\include\d3dx9math.h(312): note: vea la declaración de 'D3DXMATRIX'
c:\users\def\desktop\enginemm-y-sumo-chocadores\sumochocadores\enginemm\actor.h(12): warning C4251: 'Actor::trasl': struct 'D3DXMATRIX' necesita tener una interfaz DLL para que la utilicen los clientes de class 'Actor'
  c:\users\def\desktop\enginemm-y-sumo-chocadores\sumochocadores\dx\include\d3dx9math.h(312): note: vea la declaración de 'D3DXMATRIX'
c:\users\def\desktop\enginemm-y-sumo-chocadores\sumochocadores\enginemm\actor.h(13): warning C4251: 'Actor::scale': struct 'D3DXMATRIX' necesita tener una interfaz DLL para que la utilicen los clientes de class 'Actor'
  c:\users\def\desktop\enginemm-y-sumo-chocadores\sumochocadores\dx\include\d3dx9math.h(312): note: vea la declaración de 'D3DXMATRIX'
c:\users\def\desktop\enginemm-y-sumo-chocadores\sumochocadores\enginemm\actor.h(14): warning C4251: 'Actor::rotation': struct 'D3DXMATRIX' necesita tener una interfaz DLL para que la utilicen los clientes de class 'Actor'
  c:\users\def\desktop\enginemm-y-sumo-chocadores\sumochocadores\dx\include\d3dx9math.h(312): note: vea la declaración de 'D3DXMATRIX'
c:\users\def\desktop\enginemm-y-sumo-chocadores\sumochocadores\enginemm\actor.h(15): warning C4251: 'Actor::vector': struct 'D3DXVECTOR3' necesita tener una interfaz DLL para que la utilicen los clientes de class 'Actor'
  c:\users\def\desktop\enginemm-y-sumo-chocadores\sumochocadores\dx\include\d3dx9math.h(162): note: vea la declaración de 'D3DXVECTOR3'
c:\users\def\desktop\enginemm-y-sumo-chocadores\sumochocadores\enginemm\game.cpp(6): warning C4273: 'Game::Game': vinculación de DLL incoherente
  c:\users\def\desktop\enginemm-y-sumo-chocadores\sumochocadores\enginemm\game.h(15): note: vea la definición anterior de '{ctor}'
c:\users\def\desktop\enginemm-y-sumo-chocadores\sumochocadores\enginemm\game.cpp(11): warning C4273: 'Game::~Game': vinculación de DLL incoherente
  c:\users\def\desktop\enginemm-y-sumo-chocadores\sumochocadores\enginemm\game.h(16): note: vea la definición anterior de '{dtor}'
c:\users\def\desktop\enginemm-y-sumo-chocadores\sumochocadores\enginemm\game.cpp(17): warning C4273: 'Game::Run': vinculación de DLL incoherente
  c:\users\def\desktop\enginemm-y-sumo-chocadores\sumochocadores\enginemm\game.h(18): note: vea la definición anterior de 'Run'
c:\users\def\desktop\enginemm-y-sumo-chocadores\sumochocadores\enginemm\game.cpp(123): warning C4305: '+=': truncamiento de 'double' a 'float'
c:\users\def\desktop\enginemm-y-sumo-chocadores\sumochocadores\enginemm\game.cpp(125): warning C4305: '-=': truncamiento de 'double' a 'float'
c:\users\def\desktop\enginemm-y-sumo-chocadores\sumochocadores\enginemm\game.cpp(127): warning C4305: '-=': truncamiento de 'double' a 'float'
c:\users\def\desktop\enginemm-y-sumo-chocadores\sumochocadores\enginemm\game.cpp(129): warning C4305: '+=': truncamiento de 'double' a 'float'
  Camera.cpp
  c:\users\def\desktop\enginemm-y-sumo-chocadores\sumochocadores\dx\include\dinput.h: DIRECTINPUT_VERSION undefined. Defaulting to version 0x0800
  Generando código...
  EngineMM.vcxproj -> C:\Users\def\Desktop\EngineMM-y-Sumo-Chocadores\SumoChocadores\Debug\EngineMM.dll
