e:\datos more\image campus\enginemm-y-sumo-chocadores\sumochocadores\enginemm\debug\enginemm.pch
e:\datos more\image campus\enginemm-y-sumo-chocadores\sumochocadores\enginemm\debug\vc140.pdb
e:\datos more\image campus\enginemm-y-sumo-chocadores\sumochocadores\enginemm\debug\vc140.idb
e:\datos more\image campus\enginemm-y-sumo-chocadores\sumochocadores\enginemm\debug\stdafx.obj
e:\datos more\image campus\enginemm-y-sumo-chocadores\sumochocadores\enginemm\debug\animacion.obj
e:\datos more\image campus\enginemm-y-sumo-chocadores\sumochocadores\enginemm\debug\boundingbox.obj
e:\datos more\image campus\enginemm-y-sumo-chocadores\sumochocadores\enginemm\debug\camera.obj
e:\datos more\image campus\enginemm-y-sumo-chocadores\sumochocadores\enginemm\debug\component.obj
e:\datos more\image campus\enginemm-y-sumo-chocadores\sumochocadores\enginemm\debug\composite.obj
e:\datos more\image campus\enginemm-y-sumo-chocadores\sumochocadores\enginemm\debug\conectordeengine.obj
e:\datos more\image campus\enginemm-y-sumo-chocadores\sumochocadores\enginemm\debug\dllmain.obj
e:\datos more\image campus\enginemm-y-sumo-chocadores\sumochocadores\enginemm\debug\enginemm.obj
e:\datos more\image campus\enginemm-y-sumo-chocadores\sumochocadores\enginemm\debug\game.obj
e:\datos more\image campus\enginemm-y-sumo-chocadores\sumochocadores\enginemm\debug\importerassimp.obj
e:\datos more\image campus\enginemm-y-sumo-chocadores\sumochocadores\enginemm\debug\input.obj
e:\datos more\image campus\enginemm-y-sumo-chocadores\sumochocadores\enginemm\debug\mesh.obj
e:\datos more\image campus\enginemm-y-sumo-chocadores\sumochocadores\enginemm\debug\meshrender.obj
e:\datos more\image campus\enginemm-y-sumo-chocadores\sumochocadores\enginemm\debug\sceneimporter.obj
e:\datos more\image campus\enginemm-y-sumo-chocadores\sumochocadores\enginemm\debug\textura.obj
e:\datos more\image campus\enginemm-y-sumo-chocadores\sumochocadores\enginemm\debug\tileset.obj
e:\datos more\image campus\enginemm-y-sumo-chocadores\sumochocadores\enginemm\debug\transform.obj
e:\datos more\image campus\enginemm-y-sumo-chocadores\sumochocadores\enginemm\debug\enginemm.tlog\cl.command.1.tlog
e:\datos more\image campus\enginemm-y-sumo-chocadores\sumochocadores\enginemm\debug\enginemm.tlog\cl.read.1.tlog
e:\datos more\image campus\enginemm-y-sumo-chocadores\sumochocadores\enginemm\debug\enginemm.tlog\cl.write.1.tlog
